# JRE version: Java(TM) SE Runtime Environment (8.0_172-b11) (build 1.8.0_172-b11)
# Java VM: Java HotSpot(TM) 64-Bit Server VM (25.172-b11 mixed mode linux-amd64 compressed oops)
Heap:
 PSYoungGen      total 131584K, used 9716K [0x00000000eab00000, 0x00000000f3580000, 0x0000000100000000)
  eden space 121856K, 0% used [0x00000000eab00000,0x00000000eab00000,0x00000000f2200000)
  from space 9728K, 99% used [0x00000000f2280000,0x00000000f2bfd3f0,0x00000000f2c00000)
  to   space 6656K, 0% used [0x00000000f2f00000,0x00000000f2f00000,0x00000000f3580000)
 ParOldGen       total 45568K, used 10681K [0x00000000c0000000, 0x00000000c2c80000, 0x00000000eab00000)
  object space 45568K, 23% used [0x00000000c0000000,0x00000000c0a6e780,0x00000000c2c80000)
 Metaspace       used 32567K, capacity 33098K, committed 33408K, reserved 1077248K
  class space    used 4700K, capacity 4905K, committed 4992K, reserved 1048576K
GC Heap History (10 events):
Event: 147.537 GC heap after
Heap after GC invocations=3 (full 0):
 PSYoungGen      total 36352K, used 5097K [0x00000000eab00000, 0x00000000ef200000, 0x0000000100000000)
  eden space 31232K, 0% used [0x00000000eab00000,0x00000000eab00000,0x00000000ec980000)
  from space 5120K, 99% used [0x00000000ec980000,0x00000000ece7a6f8,0x00000000ece80000)
  to   space 5120K, 0% used [0x00000000eed00000,0x00000000eed00000,0x00000000ef200000)
 ParOldGen       total 83456K, used 1493K [0x00000000c0000000, 0x00000000c5180000, 0x00000000eab00000)
  object space 83456K, 1% used [0x00000000c0000000,0x00000000c0175580,0x00000000c5180000)
 Metaspace       used 13678K, capacity 13976K, committed 14208K, reserved 1060864K
  class space    used 1970K, capacity 2082K, committed 2176K, reserved 1048576K
}
Event: 149.520 GC heap before
{Heap before GC invocations=4 (full 0):
 PSYoungGen      total 36352K, used 36329K [0x00000000eab00000, 0x00000000ef200000, 0x0000000100000000)
  eden space 31232K, 100% used [0x00000000eab00000,0x00000000ec980000,0x00000000ec980000)
  from space 5120K, 99% used [0x00000000ec980000,0x00000000ece7a6f8,0x00000000ece80000)
  to   space 5120K, 0% used [0x00000000eed00000,0x00000000eed00000,0x00000000ef200000)
 ParOldGen       total 83456K, used 1493K [0x00000000c0000000, 0x00000000c5180000, 0x00000000eab00000)
  object space 83456K, 1% used [0x00000000c0000000,0x00000000c0175580,0x00000000c5180000)
 Metaspace       used 16809K, capacity 17118K, committed 17280K, reserved 1064960K
  class space    used 2478K, capacity 2595K, committed 2688K, reserved 1048576K
Event: 149.538 GC heap after
Heap after GC invocations=4 (full 0):
 PSYoungGen      total 67584K, used 5104K [0x00000000eab00000, 0x00000000ef200000, 0x0000000100000000)
  eden space 62464K, 0% used [0x00000000eab00000,0x00000000eab00000,0x00000000ee800000)
  from space 5120K, 99% used [0x00000000eed00000,0x00000000ef1fc040,0x00000000ef200000)
  to   space 5120K, 0% used [0x00000000ee800000,0x00000000ee800000,0x00000000eed00000)
 ParOldGen       total 83456K, used 4287K [0x00000000c0000000, 0x00000000c5180000, 0x00000000eab00000)
  object space 83456K, 5% used [0x00000000c0000000,0x00000000c042fc00,0x00000000c5180000)
 Metaspace       used 16809K, capacity 17118K, committed 17280K, reserved 1064960K
  class space    used 2478K, capacity 2595K, committed 2688K, reserved 1048576K
}
Event: 150.721 GC heap before
{Heap before GC invocations=5 (full 0):
 PSYoungGen      total 67584K, used 23482K [0x00000000eab00000, 0x00000000ef200000, 0x0000000100000000)
  eden space 62464K, 29% used [0x00000000eab00000,0x00000000ebcf2938,0x00000000ee800000)
  from space 5120K, 99% used [0x00000000eed00000,0x00000000ef1fc040,0x00000000ef200000)
  to   space 5120K, 0% used [0x00000000ee800000,0x00000000ee800000,0x00000000eed00000)
 ParOldGen       total 83456K, used 4287K [0x00000000c0000000, 0x00000000c5180000, 0x00000000eab00000)
  object space 83456K, 5% used [0x00000000c0000000,0x00000000c042fc00,0x00000000c5180000)
 Metaspace       used 20779K, capacity 21054K, committed 21296K, reserved 1067008K
  class space    used 2966K, capacity 3075K, committed 3200K, reserved 1048576K
Event: 150.779 GC heap after
Heap after GC invocations=5 (full 0):
 PSYoungGen      total 67584K, used 5104K [0x00000000eab00000, 0x00000000f3900000, 0x0000000100000000)
  eden space 62464K, 0% used [0x00000000eab00000,0x00000000eab00000,0x00000000ee800000)
  from space 5120K, 99% used [0x00000000ee800000,0x00000000eecfc050,0x00000000eed00000)
  to   space 10240K, 0% used [0x00000000f2f00000,0x00000000f2f00000,0x00000000f3900000)
 ParOldGen       total 83456K, used 7674K [0x00000000c0000000, 0x00000000c5180000, 0x00000000eab00000)
  object space 83456K, 9% used [0x00000000c0000000,0x00000000c077ebf0,0x00000000c5180000)
 Metaspace       used 20779K, capacity 21054K, committed 21296K, reserved 1067008K
  class space    used 2966K, capacity 3075K, committed 3200K, reserved 1048576K
}
Event: 150.779 GC heap before
{Heap before GC invocations=6 (full 1):
 PSYoungGen      total 67584K, used 5104K [0x00000000eab00000, 0x00000000f3900000, 0x0000000100000000)
  eden space 62464K, 0% used [0x00000000eab00000,0x00000000eab00000,0x00000000ee800000)
  from space 5120K, 99% used [0x00000000ee800000,0x00000000eecfc050,0x00000000eed00000)
  to   space 10240K, 0% used [0x00000000f2f00000,0x00000000f2f00000,0x00000000f3900000)
 ParOldGen       total 83456K, used 7674K [0x00000000c0000000, 0x00000000c5180000, 0x00000000eab00000)
  object space 83456K, 9% used [0x00000000c0000000,0x00000000c077ebf0,0x00000000c5180000)
 Metaspace       used 20779K, capacity 21054K, committed 21296K, reserved 1067008K
  class space    used 2966K, capacity 3075K, committed 3200K, reserved 1048576K
Event: 150.918 GC heap after
Heap after GC invocations=6 (full 1):
 PSYoungGen      total 67584K, used 0K [0x00000000eab00000, 0x00000000f3900000, 0x0000000100000000)
  eden space 62464K, 0% used [0x00000000eab00000,0x00000000eab00000,0x00000000ee800000)
  from space 5120K, 0% used [0x00000000ee800000,0x00000000ee800000,0x00000000eed00000)
  to   space 10240K, 0% used [0x00000000f2f00000,0x00000000f2f00000,0x00000000f3900000)
 ParOldGen       total 45568K, used 8409K [0x00000000c0000000, 0x00000000c2c80000, 0x00000000eab00000)
  object space 45568K, 18% used [0x00000000c0000000,0x00000000c0836648,0x00000000c2c80000)
 Metaspace       used 20779K, capacity 21054K, committed 21296K, reserved 1067008K
  class space    used 2966K, capacity 3075K, committed 3200K, reserved 1048576K
}
Event: 157.711 GC heap before
{Heap before GC invocations=7 (full 1):
 PSYoungGen      total 67584K, used 62464K [0x00000000eab00000, 0x00000000f3900000, 0x0000000100000000)
  eden space 62464K, 100% used [0x00000000eab00000,0x00000000ee800000,0x00000000ee800000)
  from space 5120K, 0% used [0x00000000ee800000,0x00000000ee800000,0x00000000eed00000)
  to   space 10240K, 0% used [0x00000000f2f00000,0x00000000f2f00000,0x00000000f3900000)
 ParOldGen       total 45568K, used 8409K [0x00000000c0000000, 0x00000000c2c80000, 0x00000000eab00000)
  object space 45568K, 18% used [0x00000000c0000000,0x00000000c0836648,0x00000000c2c80000)
 Metaspace       used 26073K, capacity 26378K, committed 26624K, reserved 1073152K
  class space    used 3635K, capacity 3736K, committed 3840K, reserved 1048576K
Event: 157.726 GC heap after
Heap after GC invocations=7 (full 1):
 PSYoungGen      total 128512K, used 6610K [0x00000000eab00000, 0x00000000f3580000, 0x0000000100000000)
  eden space 121856K, 0% used [0x00000000eab00000,0x00000000eab00000,0x00000000f2200000)
  from space 6656K, 99% used [0x00000000f2f00000,0x00000000f3574a90,0x00000000f3580000)
  to   space 9728K, 0% used [0x00000000f2280000,0x00000000f2280000,0x00000000f2c00000)
 ParOldGen       total 45568K, used 8409K [0x00000000c0000000, 0x00000000c2c80000, 0x00000000eab00000)
  object space 45568K, 18% used [0x00000000c0000000,0x00000000c0836648,0x00000000c2c80000)
 Metaspace       used 26073K, capacity 26378K, committed 26624K, reserved 1073152K
  class space    used 3635K, capacity 3736K, committed 3840K, reserved 1048576K
}
Event: 161.331 GC heap before
{Heap before GC invocations=8 (full 1):
 PSYoungGen      total 128512K, used 128466K [0x00000000eab00000, 0x00000000f3580000, 0x0000000100000000)
  eden space 121856K, 100% used [0x00000000eab00000,0x00000000f2200000,0x00000000f2200000)
  from space 6656K, 99% used [0x00000000f2f00000,0x00000000f3574a90,0x00000000f3580000)
  to   space 9728K, 0% used [0x00000000f2280000,0x00000000f2280000,0x00000000f2c00000)
 ParOldGen       total 45568K, used 8409K [0x00000000c0000000, 0x00000000c2c80000, 0x00000000eab00000)
  object space 45568K, 18% used [0x00000000c0000000,0x00000000c0836648,0x00000000c2c80000)
 Metaspace       used 32567K, capacity 33098K, committed 33408K, reserved 1077248K
  class space    used 4700K, capacity 4905K, committed 4992K, reserved 1048576K

